<?xml version="1.0" encoding="UTF-8"?>
<!-- Generated by org.testng.reporters.JUnitXMLReporter -->
<testsuite ignored="0" hostname="LAPTOP-S6NJ775N" failures="0" tests="4" name="Test" time="0.057" errors="0" timestamp="2022-03-21T20:32:28 IST">
  <testcase classname="TestSuiteDemoPckg.DemOClassB" name="testA" time="0.004"/>
  <testcase classname="TestSuiteDemoPckg.DemOClassB" name="testB" time="0.001"/>
  <testcase classname="TestSuiteDemoPckg.DemoClassA" name="testA" time="0.001"/>
  <testcase classname="TestSuiteDemoPckg.DemoClassA" name="testB" time="0.002"/>
</testsuite> <!-- Test -->
