<?xml version="1.0" encoding="UTF-8"?>
<!-- Generated by org.testng.reporters.JUnitXMLReporter -->
<testsuite ignored="2" hostname="LAPTOP-S6NJ775N" failures="0" tests="18" name="Default test" time="0.136" errors="0" timestamp="2022-03-21T22:36:02 IST">
  <testcase classname="tests.VerifyTheFooterElement" name="@BeforeTest launchBrowser" time="-1.647882362307E9">
    <failure type="org.testng.TestNGException" message="
Parameter &amp;apos;browser&amp;apos; is required by BeforeTest on method launchBrowser but has not been marked @Optional or defined
in C:\Users\ankuk\AppData\Local\Temp\testng-eclipse--1215134553\testng-customsuite.xml">
      <![CDATA[org.testng.TestNGException: 
Parameter 'browser' is required by BeforeTest on method launchBrowser but has not been marked @Optional or defined
in C:\Users\ankuk\AppData\Local\Temp\testng-eclipse--1215134553\testng-customsuite.xml
at org.testng.internal.Parameters.createParams(Parameters.java:270)
at org.testng.internal.Parameters.createParametersForMethod(Parameters.java:358)
at org.testng.internal.Parameters.createParameters(Parameters.java:700)
at org.testng.internal.Parameters.createConfigurationParameters(Parameters.java:168)
at org.testng.internal.ConfigInvoker.invokeConfigurations(ConfigInvoker.java:302)
at org.testng.TestRunner.invokeTestConfigurations(TestRunner.java:637)
at org.testng.TestRunner.beforeRun(TestRunner.java:627)
at org.testng.TestRunner.run(TestRunner.java:589)
at org.testng.SuiteRunner.runTest(SuiteRunner.java:377)
at org.testng.SuiteRunner.runSequentially(SuiteRunner.java:371)
at org.testng.SuiteRunner.privateRun(SuiteRunner.java:332)
at org.testng.SuiteRunner.run(SuiteRunner.java:276)
at org.testng.SuiteRunnerWorker.runSuite(SuiteRunnerWorker.java:53)
at org.testng.SuiteRunnerWorker.run(SuiteRunnerWorker.java:96)
at org.testng.TestNG.runSuitesSequentially(TestNG.java:1212)
at org.testng.TestNG.runSuitesLocally(TestNG.java:1134)
at org.testng.TestNG.runSuites(TestNG.java:1063)
at org.testng.TestNG.run(TestNG.java:1031)
at org.testng.remote.AbstractRemoteTestNG.run(AbstractRemoteTestNG.java:115)
at org.testng.remote.RemoteTestNG.initAndRun(RemoteTestNG.java:251)
at org.testng.remote.RemoteTestNG.main(RemoteTestNG.java:77)
]]>
    </failure>
  </testcase> <!-- @BeforeTest launchBrowser -->
  <testcase classname="tests.VerifyTheFooterElement" name="@BeforeClass createPOMObjects" time="-1.647882362327E9">
    <skipped/>
  </testcase> <!-- @BeforeClass createPOMObjects -->
  <testcase classname="tests.VerifyTheFooterElement" name="@BeforeMethod openTheSiteUrl" time="-1.64788236234E9">
    <skipped/>
  </testcase> <!-- @BeforeMethod openTheSiteUrl -->
  <testcase classname="tests.VerifyTheFooterElement" name="@AfterMethod aftermethod" time="-1.647882362345E9">
    <skipped/>
  </testcase> <!-- @AfterMethod aftermethod -->
  <testcase classname="tests.VerifyTheFooterElement" name="@BeforeMethod openTheSiteUrl" time="-1.647882362348E9">
    <skipped/>
  </testcase> <!-- @BeforeMethod openTheSiteUrl -->
  <testcase classname="tests.VerifyTheFooterElement" name="@AfterMethod aftermethod" time="-1.647882362351E9">
    <skipped/>
  </testcase> <!-- @AfterMethod aftermethod -->
  <testcase classname="tests.VerifyTheFooterElement" name="@BeforeMethod openTheSiteUrl" time="-1.647882362352E9">
    <skipped/>
  </testcase> <!-- @BeforeMethod openTheSiteUrl -->
  <testcase classname="tests.VerifyTheFooterElement" name="@AfterMethod aftermethod" time="-1.647882362355E9">
    <skipped/>
  </testcase> <!-- @AfterMethod aftermethod -->
  <testcase classname="tests.VerifyTheFooterElement" name="@BeforeMethod openTheSiteUrl" time="-1.647882362356E9">
    <skipped/>
  </testcase> <!-- @BeforeMethod openTheSiteUrl -->
  <testcase classname="tests.VerifyTheFooterElement" name="@AfterMethod aftermethod" time="-1.647882362361E9">
    <skipped/>
  </testcase> <!-- @AfterMethod aftermethod -->
  <testcase classname="tests.VerifyTheFooterElement" name="@BeforeMethod openTheSiteUrl" time="-1.647882362362E9">
    <skipped/>
  </testcase> <!-- @BeforeMethod openTheSiteUrl -->
  <testcase classname="tests.VerifyTheFooterElement" name="@AfterMethod aftermethod" time="-1.647882362365E9">
    <skipped/>
  </testcase> <!-- @AfterMethod aftermethod -->
  <testcase classname="tests.VerifyTheFooterElement" name="@BeforeMethod openTheSiteUrl" time="-1.647882362366E9">
    <skipped/>
  </testcase> <!-- @BeforeMethod openTheSiteUrl -->
  <testcase classname="tests.VerifyTheFooterElement" name="@AfterMethod aftermethod" time="-1.647882362369E9">
    <skipped/>
  </testcase> <!-- @AfterMethod aftermethod -->
  <testcase classname="tests.VerifyTheFooterElement" name="@BeforeMethod openTheSiteUrl" time="-1.647882362372E9">
    <skipped/>
  </testcase> <!-- @BeforeMethod openTheSiteUrl -->
  <testcase classname="tests.VerifyTheFooterElement" name="@AfterMethod aftermethod" time="-1.647882362375E9">
    <skipped/>
  </testcase> <!-- @AfterMethod aftermethod -->
  <testcase classname="tests.VerifyTheFooterElement" name="@BeforeMethod openTheSiteUrl" time="-1.647882362377E9">
    <skipped/>
  </testcase> <!-- @BeforeMethod openTheSiteUrl -->
  <testcase classname="tests.VerifyTheFooterElement" name="@AfterMethod aftermethod" time="-1.647882362377E9">
    <skipped/>
  </testcase> <!-- @AfterMethod aftermethod -->
  <testcase classname="tests.VerifyTheFooterElement" name="@BeforeMethod openTheSiteUrl" time="-1.647882362383E9">
    <skipped/>
  </testcase> <!-- @BeforeMethod openTheSiteUrl -->
  <testcase classname="tests.VerifyTheFooterElement" name="@AfterMethod aftermethod" time="-1.647882362386E9">
    <skipped/>
  </testcase> <!-- @AfterMethod aftermethod -->
  <testcase classname="tests.VerifyTheFooterElement" name="@BeforeMethod openTheSiteUrl" time="-1.647882362388E9">
    <skipped/>
  </testcase> <!-- @BeforeMethod openTheSiteUrl -->
  <testcase classname="tests.VerifyTheFooterElement" name="@AfterMethod aftermethod" time="-1.647882362392E9">
    <skipped/>
  </testcase> <!-- @AfterMethod aftermethod -->
  <testcase classname="tests.VerifyTheFooterElement" name="@BeforeMethod openTheSiteUrl" time="-1.647882362399E9">
    <skipped/>
  </testcase> <!-- @BeforeMethod openTheSiteUrl -->
  <testcase classname="tests.VerifyTheFooterElement" name="@AfterMethod aftermethod" time="-1.647882362402E9">
    <skipped/>
  </testcase> <!-- @AfterMethod aftermethod -->
  <testcase classname="tests.VerifyTheFooterElement" name="@BeforeMethod openTheSiteUrl" time="-1.647882362404E9">
    <skipped/>
  </testcase> <!-- @BeforeMethod openTheSiteUrl -->
  <testcase classname="tests.VerifyTheFooterElement" name="@AfterMethod aftermethod" time="-1.647882362407E9">
    <skipped/>
  </testcase> <!-- @AfterMethod aftermethod -->
  <testcase classname="tests.VerifyTheFooterElement" name="@BeforeMethod openTheSiteUrl" time="-1.647882362408E9">
    <skipped/>
  </testcase> <!-- @BeforeMethod openTheSiteUrl -->
  <testcase classname="tests.VerifyTheFooterElement" name="@AfterMethod aftermethod" time="-1.647882362412E9">
    <skipped/>
  </testcase> <!-- @AfterMethod aftermethod -->
  <testcase classname="tests.VerifyTheFooterElement" name="@BeforeMethod openTheSiteUrl" time="-1.647882362413E9">
    <skipped/>
  </testcase> <!-- @BeforeMethod openTheSiteUrl -->
  <testcase classname="tests.VerifyTheFooterElement" name="@AfterMethod aftermethod" time="-1.647882362415E9">
    <skipped/>
  </testcase> <!-- @AfterMethod aftermethod -->
  <testcase classname="tests.VerifyTheFooterElement" name="@BeforeMethod openTheSiteUrl" time="-1.647882362417E9">
    <skipped/>
  </testcase> <!-- @BeforeMethod openTheSiteUrl -->
  <testcase classname="tests.VerifyTheFooterElement" name="@AfterMethod aftermethod" time="-1.64788236242E9">
    <skipped/>
  </testcase> <!-- @AfterMethod aftermethod -->
  <testcase classname="tests.VerifyTheFooterElement" name="@BeforeMethod openTheSiteUrl" time="-1.647882362422E9">
    <skipped/>
  </testcase> <!-- @BeforeMethod openTheSiteUrl -->
  <testcase classname="tests.VerifyTheFooterElement" name="@AfterMethod aftermethod" time="-1.647882362426E9">
    <skipped/>
  </testcase> <!-- @AfterMethod aftermethod -->
  <testcase classname="tests.VerifyTheFooterElement" name="@BeforeMethod openTheSiteUrl" time="-1.647882362428E9">
    <skipped/>
  </testcase> <!-- @BeforeMethod openTheSiteUrl -->
  <testcase classname="tests.VerifyTheFooterElement" name="@AfterMethod aftermethod" time="-1.647882362431E9">
    <skipped/>
  </testcase> <!-- @AfterMethod aftermethod -->
  <testcase classname="tests.VerifyTheFooterElement" name="@BeforeMethod openTheSiteUrl" time="-1.647882362433E9">
    <skipped/>
  </testcase> <!-- @BeforeMethod openTheSiteUrl -->
  <testcase classname="tests.VerifyTheFooterElement" name="@AfterMethod aftermethod" time="-1.647882362435E9">
    <skipped/>
  </testcase> <!-- @AfterMethod aftermethod -->
  <testcase classname="tests.VerifyTheFooterElement" name="@AfterClass closingBrowser" time="-1.647882362437E9">
    <skipped/>
  </testcase> <!-- @AfterClass closingBrowser -->
  <testcase classname="tests.VerifyTheFooterElement" name="@AfterTest closebrowser" time="-1.647882362439E9">
    <skipped/>
  </testcase> <!-- @AfterTest closebrowser -->
  <testcase classname="tests.VerifyTheFooterElement" name="verifyChocolateBoxesLink" time="0.0">
    <skipped/>
  </testcase> <!-- verifyChocolateBoxesLink -->
  <testcase classname="tests.VerifyTheFooterElement" name="verifyGiftCollectionsLink" time="0.0">
    <skipped/>
  </testcase> <!-- verifyGiftCollectionsLink -->
  <testcase classname="tests.VerifyTheFooterElement" name="verifyPartyFavourLink" time="0.0">
    <skipped/>
  </testcase> <!-- verifyPartyFavourLink -->
  <testcase classname="tests.VerifyTheFooterElement" name="verifyCorportePageLink" time="0.0">
    <skipped/>
  </testcase> <!-- verifyCorportePageLink -->
  <testcase classname="tests.VerifyTheFooterElement" name="verifyAboutPageLink" time="0.0">
    <skipped/>
  </testcase> <!-- verifyAboutPageLink -->
  <testcase classname="tests.VerifyTheFooterElement" name="verifyVisitUsPageLink" time="0.0">
    <skipped/>
  </testcase> <!-- verifyVisitUsPageLink -->
  <testcase classname="tests.VerifyTheFooterElement" name="verifyOurChocolatePageLink" time="0.0">
    <skipped/>
  </testcase> <!-- verifyOurChocolatePageLink -->
  <testcase classname="tests.VerifyTheFooterElement" name="verifyBlogPageLink" time="0.0">
    <skipped/>
  </testcase> <!-- verifyBlogPageLink -->
  <testcase classname="tests.VerifyTheFooterElement" name="verifySignInPageLink" time="0.0">
    <skipped/>
  </testcase> <!-- verifySignInPageLink -->
  <testcase classname="tests.VerifyTheFooterElement" name="verifyContactUsPageLink" time="0.0">
    <skipped/>
  </testcase> <!-- verifyContactUsPageLink -->
  <testcase classname="tests.VerifyTheFooterElement" name="verifyJoinOurTeamPageLink" time="0.0">
    <skipped/>
  </testcase> <!-- verifyJoinOurTeamPageLink -->
  <testcase classname="tests.VerifyTheFooterElement" name="verifyFaqPageLink" time="0.0">
    <skipped/>
  </testcase> <!-- verifyFaqPageLink -->
  <testcase classname="tests.VerifyTheFooterElement" name="verifyMobileNumber" time="0.0">
    <skipped/>
  </testcase> <!-- verifyMobileNumber -->
  <testcase classname="tests.VerifyTheFooterElement" name="verifyemail" time="0.0">
    <skipped/>
  </testcase> <!-- verifyemail -->
  <testcase classname="tests.VerifyTheFooterElement" name="verifShippingAndReturnPageLink" time="0.0">
    <skipped/>
  </testcase> <!-- verifShippingAndReturnPageLink -->
  <testcase classname="tests.VerifyTheFooterElement" name="veriTermsAndCinditionsPageLink" time="0.0">
    <skipped/>
  </testcase> <!-- veriTermsAndCinditionsPageLink -->
  <testcase classname="tests.VerifyTheFooterElement" name="veriPrivacyPolicyPageLink" time="0.0">
    <skipped/>
  </testcase> <!-- veriPrivacyPolicyPageLink -->
  <testcase classname="tests.VerifyTheFooterElement" name="veriPaymentPolicyPageLink" time="0.0">
    <skipped/>
  </testcase> <!-- veriPaymentPolicyPageLink -->
  <testcase classname="tests.VerifyTheFooterElement" name="verifyInstagramPageLink" time="0.0">
    <ignored/>
  </testcase> <!-- verifyInstagramPageLink -->
  <testcase classname="tests.VerifyTheFooterElement" name="verifyyelpPageLink" time="0.0">
    <ignored/>
  </testcase> <!-- verifyyelpPageLink -->
</testsuite> <!-- Default test -->
